[debug] [2020-02-26T01:24:14.041Z] ----------------------------------------------------------------------
[debug] [2020-02-26T01:24:14.043Z] Command:       C:\Program Files\nodejs\node.exe C:\Users\Chris\AppData\Roaming\npm\node_modules\firebase-tools\lib\bin\firebase.js init
[debug] [2020-02-26T01:24:14.043Z] CLI Version:   7.13.1
[debug] [2020-02-26T01:24:14.043Z] Platform:      win32
[debug] [2020-02-26T01:24:14.043Z] Node Version:  v12.14.0
[debug] [2020-02-26T01:24:14.043Z] Time:          Tue Feb 25 2020 20:24:14 GMT-0500 (Eastern Standard Time)
[debug] [2020-02-26T01:24:14.043Z] ----------------------------------------------------------------------
[debug] [2020-02-26T01:24:14.044Z] 
[debug] [2020-02-26T01:24:14.049Z] > command requires scopes: ["email","openid","https://www.googleapis.com/auth/cloudplatformprojects.readonly","https://www.googleapis.com/auth/firebase","https://www.googleapis.com/auth/cloud-platform"]
[debug] [2020-02-26T01:24:14.050Z] > authorizing via signed-in user
[info] 
     ######## #### ########  ######## ########     ###     ######  ########
     ##        ##  ##     ## ##       ##     ##  ##   ##  ##       ##
     ######    ##  ########  ######   ########  #########  ######  ######
     ##        ##  ##    ##  ##       ##     ## ##     ##       ## ##
     ##       #### ##     ## ######## ########  ##     ##  ######  ########

You're about to initialize a Firebase project in this directory:

  C:\Users\Chris\Documents\GitHub\NHLStats\apollo-api

[info] 
=== Project Setup
[info] 
[info] First, let's associate this project directory with a Firebase project.
[info] You can create multiple project aliases by running firebase use --add, 
[info] but for now we'll just set up a default project.
[info] 
[debug] [2020-02-26T01:24:32.867Z] >>> HTTP REQUEST GET https://firebase.googleapis.com/v1beta1/projects?pageSize=100  
 
[debug] [2020-02-26T01:24:33.146Z] <<< HTTP RESPONSE 200
